# JRE version: OpenJDK Runtime Environment (20.0+36) (build 20+36-2344)
# Java VM: OpenJDK 64-Bit Server VM (20+36-2344, mixed mode, sharing, tiered, compressed oops, compressed class ptrs, g1 gc, windows-amd64)
GC Precious Log:
 CardTable entry size: 512
 Card Set container configuration: InlinePtr #cards 5 size 8 Array Of Cards #cards 12 size 40 Howl #buckets 4 coarsen threshold 1843 Howl Bitmap #cards 512 size 80 coarsen threshold 460 Card regions per heap region 1 cards per card region 2048
 CPUs: 12 total, 12 available
 Memory: 7521M
 Large Page Support: Disabled
 NUMA Support: Disabled
 Compressed Oops: Enabled (32-bit)
 Heap Region Size: 1M
 Heap Min Capacity: 8M
 Heap Initial Capacity: 118M
 Heap Max Capacity: 1882M
 Pre-touch: Disabled
 Parallel Workers: 10
 Concurrent Workers: 3
 Concurrent Refinement Workers: 10
 Periodic GC: Disabled
Heap:
 garbage-first heap   total 62464K, used 35239K [0x000000008a600000, 0x0000000100000000)
  region size 1024K, 5 young (5120K), 1 survivors (1024K)
 Metaspace       used 79595K, committed 80576K, reserved 1179648K
  class space    used 10746K, committed 11136K, reserved 1048576K
GC Heap History (20 events):
Event: 1566.154 GC heap before
{Heap before GC invocations=26 (full 0):
 garbage-first heap   total 60416K, used 51131K [0x000000008a600000, 0x0000000100000000)
  region size 1024K, 19 young (19456K), 2 survivors (2048K)
 Metaspace       used 79643K, committed 80384K, reserved 1179648K
  class space    used 10834K, committed 11136K, reserved 1048576K
}
Event: 1566.225 GC heap after
{Heap after GC invocations=27 (full 0):
 garbage-first heap   total 60416K, used 33684K [0x000000008a600000, 0x0000000100000000)
  region size 1024K, 2 young (2048K), 2 survivors (2048K)
 Metaspace       used 79643K, committed 80384K, reserved 1179648K
  class space    used 10834K, committed 11136K, reserved 1048576K
}
Event: 2031.844 GC heap before
{Heap before GC invocations=27 (full 0):
 garbage-first heap   total 60416K, used 53140K [0x000000008a600000, 0x0000000100000000)
  region size 1024K, 21 young (21504K), 2 survivors (2048K)
 Metaspace       used 79748K, committed 80512K, reserved 1179648K
  class space    used 10838K, committed 11136K, reserved 1048576K
}
Event: 2031.916 GC heap after
{Heap after GC invocations=28 (full 0):
 garbage-first heap   total 60416K, used 34108K [0x000000008a600000, 0x0000000100000000)
  region size 1024K, 2 young (2048K), 2 survivors (2048K)
 Metaspace       used 79748K, committed 80512K, reserved 1179648K
  class space    used 10838K, committed 11136K, reserved 1048576K
}
Event: 2608.671 GC heap before
{Heap before GC invocations=28 (full 0):
 garbage-first heap   total 60416K, used 53564K [0x000000008a600000, 0x0000000100000000)
  region size 1024K, 21 young (21504K), 2 survivors (2048K)
 Metaspace       used 79761K, committed 80512K, reserved 1179648K
  class space    used 10838K, committed 11136K, reserved 1048576K
}
Event: 2608.742 GC heap after
{Heap after GC invocations=29 (full 0):
 garbage-first heap   total 60416K, used 34269K [0x000000008a600000, 0x0000000100000000)
  region size 1024K, 1 young (1024K), 1 survivors (1024K)
 Metaspace       used 79761K, committed 80512K, reserved 1179648K
  class space    used 10838K, committed 11136K, reserved 1048576K
}
Event: 3206.415 GC heap before
{Heap before GC invocations=30 (full 0):
 garbage-first heap   total 60416K, used 54749K [0x000000008a600000, 0x0000000100000000)
  region size 1024K, 21 young (21504K), 1 survivors (1024K)
 Metaspace       used 79434K, committed 80512K, reserved 1179648K
  class space    used 10748K, committed 11136K, reserved 1048576K
}
Event: 3206.479 GC heap after
{Heap after GC invocations=31 (full 0):
 garbage-first heap   total 60416K, used 34153K [0x000000008a600000, 0x0000000100000000)
  region size 1024K, 1 young (1024K), 1 survivors (1024K)
 Metaspace       used 79434K, committed 80512K, reserved 1179648K
  class space    used 10748K, committed 11136K, reserved 1048576K
}
Event: 3698.949 GC heap before
{Heap before GC invocations=31 (full 0):
 garbage-first heap   total 60416K, used 54633K [0x000000008a600000, 0x0000000100000000)
  region size 1024K, 21 young (21504K), 1 survivors (1024K)
 Metaspace       used 79513K, committed 80512K, reserved 1179648K
  class space    used 10749K, committed 11136K, reserved 1048576K
}
Event: 3699.010 GC heap after
{Heap after GC invocations=32 (full 0):
 garbage-first heap   total 62464K, used 33159K [0x000000008a600000, 0x0000000100000000)
  region size 1024K, 2 young (2048K), 2 survivors (2048K)
 Metaspace       used 79513K, committed 80512K, reserved 1179648K
  class space    used 10749K, committed 11136K, reserved 1048576K
}
Event: 4333.302 GC heap before
{Heap before GC invocations=32 (full 0):
 garbage-first heap   total 62464K, used 54663K [0x000000008a600000, 0x0000000100000000)
  region size 1024K, 23 young (23552K), 2 survivors (2048K)
 Metaspace       used 79529K, committed 80512K, reserved 1179648K
  class space    used 10749K, committed 11136K, reserved 1048576K
}
Event: 4333.370 GC heap after
{Heap after GC invocations=33 (full 0):
 garbage-first heap   total 62464K, used 32806K [0x000000008a600000, 0x0000000100000000)
  region size 1024K, 1 young (1024K), 1 survivors (1024K)
 Metaspace       used 79529K, committed 80512K, reserved 1179648K
  class space    used 10749K, committed 11136K, reserved 1048576K
}
Event: 5028.150 GC heap before
{Heap before GC invocations=34 (full 0):
 garbage-first heap   total 62464K, used 56358K [0x000000008a600000, 0x0000000100000000)
  region size 1024K, 24 young (24576K), 1 survivors (1024K)
 Metaspace       used 79516K, committed 80512K, reserved 1179648K
  class space    used 10746K, committed 11136K, reserved 1048576K
}
Event: 5028.196 GC heap after
{Heap after GC invocations=35 (full 0):
 garbage-first heap   total 62464K, used 32837K [0x000000008a600000, 0x0000000100000000)
  region size 1024K, 1 young (1024K), 1 survivors (1024K)
 Metaspace       used 79516K, committed 80512K, reserved 1179648K
  class space    used 10746K, committed 11136K, reserved 1048576K
}
Event: 5613.222 GC heap before
{Heap before GC invocations=35 (full 0):
 garbage-first heap   total 62464K, used 56389K [0x000000008a600000, 0x0000000100000000)
  region size 1024K, 24 young (24576K), 1 survivors (1024K)
 Metaspace       used 79586K, committed 80576K, reserved 1179648K
  class space    used 10746K, committed 11136K, reserved 1048576K
}
Event: 5613.268 GC heap after
{Heap after GC invocations=36 (full 0):
 garbage-first heap   total 62464K, used 32518K [0x000000008a600000, 0x0000000100000000)
  region size 1024K, 2 young (2048K), 2 survivors (2048K)
 Metaspace       used 79586K, committed 80576K, reserved 1179648K
  class space    used 10746K, committed 11136K, reserved 1048576K
}
Event: 6282.278 GC heap before
{Heap before GC invocations=36 (full 0):
 garbage-first heap   total 62464K, used 55046K [0x000000008a600000, 0x0000000100000000)
  region size 1024K, 24 young (24576K), 2 survivors (2048K)
 Metaspace       used 79586K, committed 80576K, reserved 1179648K
  class space    used 10746K, committed 11136K, reserved 1048576K
}
Event: 6282.331 GC heap after
{Heap after GC invocations=37 (full 0):
 garbage-first heap   total 62464K, used 32178K [0x000000008a600000, 0x0000000100000000)
  region size 1024K, 1 young (1024K), 1 survivors (1024K)
 Metaspace       used 79586K, committed 80576K, reserved 1179648K
  class space    used 10746K, committed 11136K, reserved 1048576K
}
Event: 7009.644 GC heap before
{Heap before GC invocations=38 (full 0):
 garbage-first heap   total 62464K, used 56754K [0x000000008a600000, 0x0000000100000000)
  region size 1024K, 25 young (25600K), 1 survivors (1024K)
 Metaspace       used 79591K, committed 80576K, reserved 1179648K
  class space    used 10746K, committed 11136K, reserved 1048576K
}
Event: 7009.691 GC heap after
{Heap after GC invocations=39 (full 0):
 garbage-first heap   total 62464K, used 32167K [0x000000008a600000, 0x0000000100000000)
  region size 1024K, 1 young (1024K), 1 survivors (1024K)
 Metaspace       used 79591K, committed 80576K, reserved 1179648K
  class space    used 10746K, committed 11136K, reserved 1048576K
}

